<?xml version="1.0" encoding="UTF-8"?>
<!-- Generated by org.testng.reporters.JUnitXMLReporter -->
<testsuite ignored="0" hostname="QT-UK-LT1078" failures="1" tests="2" name="Test - Chrome" time="25.115" errors="0" timestamp="02 Jun 2021 11:35:57 GMT">
  <testcase classname="com.mydemo.BaseTestUpdated" name="@BeforeMethod setUp" time="0.0">
    <failure type="org.testng.TestNGException" message="
Parameter &amp;apos;browserName&amp;apos; is required by BeforeMethod on method setUp but has not been marked @Optional or defined
in C:\Users\nilanjan.islam\eclipse-workspace\Demo\Demo\src\test\resources\testrunners\testng_runnerLocal.xml">
      <![CDATA[org.testng.TestNGException: 
Parameter 'browserName' is required by BeforeMethod on method setUp but has not been marked @Optional or defined
in C:\Users\nilanjan.islam\eclipse-workspace\Demo\Demo\src\test\resources\testrunners\testng_runnerLocal.xml
at java.base/java.util.concurrent.ThreadPoolExecutor.runWorker(ThreadPoolExecutor.java:1130)
at java.base/java.util.concurrent.ThreadPoolExecutor$Worker.run(ThreadPoolExecutor.java:630)
at java.base/java.lang.Thread.run(Thread.java:832)
... Removed 18 stack frames]]>
    </failure>
  </testcase> <!-- @BeforeMethod setUp -->
  <testcase classname="com.mydemo.SauceTestUpdated" name="checkInventoryItemTest_Chrome" time="2.302"/>
  <testcase classname="com.mydemo.SauceTestUpdated" name="checkAddToCartButtonTest_Chrome" time="2.332">
    <failure type="java.lang.AssertionError" message="expected [true] but found [false]">
      <![CDATA[java.lang.AssertionError: expected [true] but found [false]
at com.mydemo.SauceTestUpdated.checkAddToCartButtonTest(SauceTestUpdated.java:38)
at java.base/java.util.concurrent.FutureTask.run(FutureTask.java:264)
at java.base/java.util.concurrent.ThreadPoolExecutor.runWorker(ThreadPoolExecutor.java:1130)
at java.base/java.util.concurrent.ThreadPoolExecutor$Worker.run(ThreadPoolExecutor.java:630)
at java.base/java.lang.Thread.run(Thread.java:832)
... Removed 20 stack frames]]>
    </failure>
  </testcase> <!-- checkAddToCartButtonTest_Chrome -->
</testsuite> <!-- Test - Chrome -->
