<?xml version="1.0" encoding="UTF-8"?>
<!-- Generated by org.testng.reporters.JUnitXMLReporter -->
<testsuite ignored="0" hostname="QT-UK-LT1078" failures="1" tests="2" name="Test - FF" time="25.632" errors="0" timestamp="02 Jun 2021 11:35:58 GMT">
  <testcase classname="com.mydemo.SauceTestUpdated" name="checkInventoryItemTest_Firefox" time="2.648"/>
  <testcase classname="com.mydemo.SauceTestUpdated" name="checkAddToCartButtonTest_Firefox" time="3.284">
    <failure type="java.lang.AssertionError" message="expected [true] but found [false]">
      <![CDATA[java.lang.AssertionError: expected [true] but found [false]
at com.mydemo.SauceTestUpdated.checkAddToCartButtonTest(SauceTestUpdated.java:38)
at java.base/java.util.concurrent.FutureTask.run(FutureTask.java:264)
at java.base/java.util.concurrent.ThreadPoolExecutor.runWorker(ThreadPoolExecutor.java:1130)
at java.base/java.util.concurrent.ThreadPoolExecutor$Worker.run(ThreadPoolExecutor.java:630)
at java.base/java.lang.Thread.run(Thread.java:832)
... Removed 20 stack frames]]>
    </failure>
  </testcase> <!-- checkAddToCartButtonTest_Firefox -->
</testsuite> <!-- Test - FF -->
